[29353:29353:0218/153254.991200:WARNING:wayland_object.cc(123)] Binding to gtk_shell1 version 4 but version 5 is available.
[29353:29353:0218/153254.992079:WARNING:wayland_object.cc(123)] Binding to zwp_pointer_gestures_v1 version 1 but version 3 is available.
[29353:29353:0218/153254.992224:WARNING:wayland_object.cc(123)] Binding to zwp_linux_dmabuf_v1 version 3 but version 5 is available.
[29353:29353:0218/153255.977157:WARNING:invalidation_listener_impl.cc(104)] ProfileInvalidationProvider-245350905893 Created for project_number: 245350905893
[29353:29353:0218/153255.977208:WARNING:fm_registration_token_uploader.cc(155)] Starting FmRegistrationTokenUploader for kUser scope, 245350905893 project
[29353:29353:0218/153255.977216:WARNING:invalidation_listener_impl.cc(150)] ProfileInvalidationProvider-245350905893 Starting
[29353:29353:0218/153255.977283:WARNING:invalidation_listener_impl.cc(104)] ProfileInvalidationProvider-585406161706 Created for project_number: 585406161706
[29353:29353:0218/153255.977294:WARNING:fm_registration_token_uploader.cc(155)] Starting FmRegistrationTokenUploader for kUser scope, 585406161706 project
[29353:29353:0218/153255.977300:WARNING:invalidation_listener_impl.cc(150)] ProfileInvalidationProvider-585406161706 Starting
[29353:29353:0218/153256.128601:WARNING:wayland_surface.cc(183)] Server doesn't support zcr_alpha_compositing_v1.
[29353:29353:0218/153256.128628:WARNING:wayland_surface.cc(198)] Server doesn't support overlay_prioritizer.
[29353:29353:0218/153256.128634:WARNING:wayland_surface.cc(213)] Server doesn't support wp_content_type_v1
[29353:29353:0218/153256.128639:WARNING:wayland_surface.cc(232)] Server doesn't support zcr_color_management_surface.
[30311:30466:0218/153258.812505:WARNING:spdy_session.cc(2980)] Received HEADERS for invalid stream 1
[30299:30299:0218/153259.005041:WARNING:sandbox_linux.cc(420)] InitializeSandbox() called with multiple threads in process gpu-process.
[30299:30299:0218/153259.009310:WARNING:viz_main_impl.cc(85)] VizNullHypothesis is disabled (not a warning)
[30299:30299:0218/153259.845329:ERROR:shared_image_manager.cc(250)] SharedImageManager::ProduceSkia: Trying to Produce a Skia representation from a non-existent mailbox.
[30299:30299:0218/153259.847692:ERROR:shared_image_manager.cc(250)] SharedImageManager::ProduceSkia: Trying to Produce a Skia representation from a non-existent mailbox.
[30299:30299:0218/153259.850116:ERROR:shared_image_manager.cc(250)] SharedImageManager::ProduceSkia: Trying to Produce a Skia representation from a non-existent mailbox.
[29353:29353:0218/153301.426147:INFO:CONSOLE(1)] "Permissions policy violation: unload is not allowed in this document.", source: https://lf16-cdn-tos.tiktokcdn-us.com/obj/static-tx/slardar/fe/sdk-web/browser.oci.js?bid=slardar_us_waf&globalName=SlardarWAF (1)
[29353:29353:0218/153301.426240:INFO:CONSOLE(1)] "Permissions policy violation: unload is not allowed in this document.", source: https://lf16-cdn-tos.tiktokcdn-us.com/obj/static-tx/slardar/fe/sdk-web/browser.oci.js?bid=slardar_us_waf&globalName=SlardarWAF (1)
[29353:29353:0218/153316.173400:INFO:CONSOLE(1)] "Reflect is polyfilled, using `@abraham/reflection`.", source: https://lf16-tiktok-web.tiktokcdn-us.com/obj/tiktok-web-tx/tiktok/webapp/main/webapp-live-stack/9888.611f99ef6de6956c4b99.js (1)
[29353:29353:0218/153319.420035:INFO:CONSOLE(2)] "loadable: `loadableReady()` requires state, please use `getScriptTags` or `getScriptElements` server-side", source: https://lf16-tiktok-web.tiktokcdn-us.com/obj/tiktok-web-tx/tiktok/webapp/main/webapp-live-stack/lib-base-infra.ab292ce1a689c3519932.js (2)
[29353:29353:0218/153319.636932:INFO:CONSOLE(4)] "Permissions policy violation: unload is not allowed in this document.", source: https://lf16-tiktok-web.tiktokcdn-us.com/obj/tiktok-web-tx/tiktok_privacy_protection_framework/loader/2.0.0.236/index.js (4)
[29353:29353:0218/153320.699781:INFO:CONSOLE(4)] "Permissions policy violation: unload is not allowed in this document.", source: https://lf16-tiktok-web.tiktokcdn-us.com/obj/tiktok-web-tx/tiktok_privacy_protection_framework/loader/2.0.0.236/index.js (4)
[29353:29353:0218/153320.699918:INFO:CONSOLE(4)] "Permissions policy violation: unload is not allowed in this document.", source: https://lf16-tiktok-web.tiktokcdn-us.com/obj/tiktok-web-tx/tiktok_privacy_protection_framework/loader/2.0.0.236/index.js (4)
[29353:29353:0218/153327.836396:INFO:CONSOLE(4)] "Permissions policy violation: unload is not allowed in this document.", source: https://lf16-tiktok-web.tiktokcdn-us.com/obj/tiktok-web-tx/tiktok_privacy_protection_framework/loader/2.0.0.236/index.js (4)
[29353:29353:0218/153327.836448:INFO:CONSOLE(2)] "[Report Only] Refused to load the script 'https://sf16-website-login.neutral.ttwstatic.com/obj/tiktok_web_login_static/pns/tiktok-cookie-banner/1.0.0.253/default.eu-ttp.esm.js' because it violates the following Content Security Policy directive: "script-src 'report-sample' 'unsafe-eval' *.tiktokcdn-us.com apis.google.com billshark-cdn.s3.amazonaws.com c.paypal.com cdn.ampproject.org client-api.arkoselabs.com connect.facebook.net developers.kakao.com interactives.ap.org js.braintreegateway.com js.hcaptcha.com js.hsforms.net recaptcha.google.com s20.tiktokcdn.com s3.amazonaws.com static.captchami.com tiktok.captchami.com unpkg.com www.facebook.net www.vimeo.com". Note that 'script-src-elem' was not explicitly set, so 'script-src' is used as a fallback.
", source: https://lf16-tiktok-web.tiktokcdn-us.com/obj/tiktok-web-tx/tiktok/webapp/main/webapp-live-stack/vendor-7b8dae11.2e67e7accf3083a116cd.js (2)
[29353:29353:0218/153327.836475:INFO:CONSOLE(2)] "Refused to load the script 'https://sf16-website-login.neutral.ttwstatic.com/obj/tiktok_web_login_static/pns/tiktok-cookie-banner/1.0.0.253/default.eu-ttp.esm.js' because it violates the following Content Security Policy directive: "script-src 'nonce-ff3f4b08b85a27b1a0e57a344b99128a' 'report-sample' 'unsafe-eval' *.tiktokcdn-us.com apis.google.com billshark-cdn.s3.amazonaws.com c.paypal.com cdn.ampproject.org cdnjs.cloudflare.com client-api.arkoselabs.com connect.facebook.net developers.kakao.com googleads.g.doubleclick.net interactives.ap.org js.braintreegateway.com js.hcaptcha.com js.hsforms.net recaptcha.google.com s20.tiktokcdn.com s3.amazonaws.com static.captchami.com tiktok.captchami.com unpkg.com vimeo.com www.facebook.net www.google.com www.googleadservices.com www.googleapis.com www.googletagmanager.com www.gstatic.com www.vimeo.com". Note that 'script-src-elem' was not explicitly set, so 'script-src' is used as a fallback.
", source: https://lf16-tiktok-web.tiktokcdn-us.com/obj/tiktok-web-tx/tiktok/webapp/main/webapp-live-stack/vendor-7b8dae11.2e67e7accf3083a116cd.js (2)
[29353:29353:0218/153329.706389:INFO:CONSOLE(1)] ".", source: https://lf16-tiktok-web.tiktokcdn-us.com/obj/tiktok-web-tx/webmssdk/2.0.0.295/webmssdk.js (1)
[30532:29:0218/153332.864226:INFO:peer_connection_dependency_factory.cc(802)] Running WebRTC with a combined Network and Worker thread.
[29353:29353:0218/153334.343789:INFO:CONSOLE(2)] "%c %s color: #4D1B00; background-color: #FF7D00; [Tea instance: default] [instance: default], every instance's api: init,  can be call only one time!", source: https://lf16-tiktok-web.tiktokcdn-us.com/obj/tiktok-web-tx/tiktok/webapp/main/webapp-live-stack/lib-starling.0e6aa8bee7ccb24dee2d.js (2)
[29353:29353:0218/153338.865040:INFO:CONSOLE(0)] "Access to fetch at 'https://webcast.us.tiktok.com/webcast/feed/?aid=1988&app_language=en&app_name=tiktok_web&browser_language=en-US&browser_name=Mozilla&browser_online=true&browser_platform=Linux%20x86_64&browser_version=5.0%20%28X11%3B%20Linux%20x86_64%29%20AppleWebKit%2F537.36%20%28KHTML%2C%20like%20Gecko%29%20Chrome%2F133.0.0.0%20Safari%2F537.36&channel=tiktok_web&channel_id=86&content_type=0&cookie_enabled=true&data_collection_enabled=false&device_id=7472736158835148331&device_platform=web_pc&device_type=web_h264&focus_state=true&from_page=user&hidden_banner=true&history_len=2&is_fullscreen=false&is_non_personalized=0&is_page_visible=true&max_time=0&os=linux&priority_region=&referer=https%3A%2F%2Fwww.tiktok.com%2F%40_berfinbzkrtt35%2Flive&region=US&req_from=pc_web_suggested_host&root_referer=https%3A%2F%2Fwww.tiktok.com%2F%40_berfinbzkrtt35%2Flive&screen_height=1080&screen_width=1920&tz_name=Europe%2FIstanbul&user_is_login=false&webcast_language=en&msToken=&X-Bogus=DFSzswVO4wxANVOWtDdcWG-FmfN5&_signature=_02B4Z6wo00001rmxVuAAAIDDlHwQMVWLQsa5sVJAAMnka7' from origin 'https://www.tiktok.com' has been blocked by CORS policy: No 'Access-Control-Allow-Origin' header is present on the requested resource. If an opaque response serves your needs, set the request's mode to 'no-cors' to fetch the resource with CORS disabled.", source: https://www.tiktok.com/@_berfinbzkrtt35/live (0)
[30311:30466:0218/153340.850504:WARNING:host_resolver_dns_task.cc(939)] Address list empty after RFC3484 sort
[30311:30466:0218/153341.245738:INFO:socket_udp.cc(477)] sendto() has failed twice returning a  transient error net::ERR_ADDRESS_UNREACHABLE. Dropping the packet.
[30311:30466:0218/153341.496149:INFO:socket_udp.cc(477)] sendto() has failed twice returning a  transient error net::ERR_ADDRESS_UNREACHABLE. Dropping the packet.
[30311:30466:0218/153342.015228:INFO:socket_udp.cc(477)] sendto() has failed twice returning a  transient error net::ERR_ADDRESS_UNREACHABLE. Dropping the packet.
[30311:30466:0218/153343.033099:INFO:socket_udp.cc(477)] sendto() has failed twice returning a  transient error net::ERR_ADDRESS_UNREACHABLE. Dropping the packet.
[29353:29353:0218/153344.081094:INFO:CONSOLE(4)] "Permissions policy violation: unload is not allowed in this document.", source: https://lf16-tiktok-web.tiktokcdn-us.com/obj/tiktok-web-tx/tiktok_privacy_protection_framework/loader/2.0.0.236/index.js (4)
[30311:30466:0218/153345.041565:INFO:socket_udp.cc(477)] sendto() has failed twice returning a  transient error net::ERR_ADDRESS_UNREACHABLE. Dropping the packet.
[29353:29353:0218/153347.750927:WARNING:wayland_screen.cc(445)] Cannot inhibit going idle when no window is focused
[29353:29353:0218/153348.344787:INFO:CONSOLE(4)] "Permissions policy violation: unload is not allowed in this document.", source: https://lf16-tiktok-web.tiktokcdn-us.com/obj/tiktok-web-tx/tiktok_privacy_protection_framework/loader/2.0.0.236/index.js (4)
[29353:29353:0218/153348.573204:INFO:CONSOLE(849)] "Failed to fetch csrf token: host=webcast.us.tiktok.com status_code=403 message=kms err", source: https://lf16-cdn-tos.tiktokcdn-us.com/obj/static-tx/secsdk/secsdk-lastest.umd.js (849)
[29353:29353:0218/153348.817046:INFO:CONSOLE(27324)] "get storage [object Object]", source: https://lf16-tiktok-web.tiktokcdn-us.com/obj/tiktok-web-tx/zti/2.0.0.25/crypto/umd/index.js (27324)
[29353:29353:0218/153348.854598:INFO:CONSOLE(27324)] "get storage [object Object]", source: https://lf16-tiktok-web.tiktokcdn-us.com/obj/tiktok-web-tx/zti/2.0.0.25/crypto/umd/index.js (27324)
[29353:29353:0218/153348.895460:INFO:CONSOLE(27324)] "storageFail [object Object]", source: https://lf16-tiktok-web.tiktokcdn-us.com/obj/tiktok-web-tx/zti/2.0.0.25/crypto/umd/index.js (27324)
[30311:30466:0218/153349.077356:INFO:socket_udp.cc(477)] sendto() has failed twice returning a  transient error net::ERR_ADDRESS_UNREACHABLE. Dropping the packet.
[29353:29353:0218/153349.576565:INFO:CONSOLE(27324)] "generateKeys duration 656 jsrsasign", source: https://lf16-tiktok-web.tiktokcdn-us.com/obj/tiktok-web-tx/zti/2.0.0.25/crypto/umd/index.js (27324)
[29353:29353:0218/153349.601892:INFO:CONSOLE(27324)] "set storage [object Object]", source: https://lf16-tiktok-web.tiktokcdn-us.com/obj/tiktok-web-tx/zti/2.0.0.25/crypto/umd/index.js (27324)
[29353:29353:0218/153349.627940:INFO:CONSOLE(27324)] "set storage [object Object]", source: https://lf16-tiktok-web.tiktokcdn-us.com/obj/tiktok-web-tx/zti/2.0.0.25/crypto/umd/index.js (27324)
[29353:29353:0218/153349.667416:INFO:CONSOLE(849)] "Failed to fetch csrf token: host=webcast.us.tiktok.com status_code=403 message=kms err", source: https://lf16-cdn-tos.tiktokcdn-us.com/obj/static-tx/secsdk/secsdk-lastest.umd.js (849)
[29353:29353:0218/153351.577045:INFO:CONSOLE(849)] "Failed to fetch csrf token: host=webcast.us.tiktok.com status_code=403 message=kms err", source: https://lf16-cdn-tos.tiktokcdn-us.com/obj/static-tx/secsdk/secsdk-lastest.umd.js (849)
[29353:29353:0218/153353.495812:INFO:CONSOLE(849)] "Failed to fetch csrf token: host=webcast.us.tiktok.com status_code=403 message=kms err", source: https://lf16-cdn-tos.tiktokcdn-us.com/obj/static-tx/secsdk/secsdk-lastest.umd.js (849)
[29353:29353:0218/153356.012435:INFO:CONSOLE(849)] "Failed to fetch csrf token: host=webcast.us.tiktok.com status_code=403 message=kms err", source: https://lf16-cdn-tos.tiktokcdn-us.com/obj/static-tx/secsdk/secsdk-lastest.umd.js (849)
[30311:30466:0218/153357.073773:INFO:socket_udp.cc(477)] sendto() has failed twice returning a  transient error net::ERR_ADDRESS_UNREACHABLE. Dropping the packet.
[29353:29353:0218/153400.588443:INFO:CONSOLE(849)] "Failed to fetch csrf token: host=webcast.us.tiktok.com status_code=403 message=kms err", source: https://lf16-cdn-tos.tiktokcdn-us.com/obj/static-tx/secsdk/secsdk-lastest.umd.js (849)
[29353:29353:0218/153402.679579:INFO:CONSOLE(849)] "Failed to fetch csrf token: host=webcast.us.tiktok.com status_code=403 message=kms err", source: https://lf16-cdn-tos.tiktokcdn-us.com/obj/static-tx/secsdk/secsdk-lastest.umd.js (849)
[29353:29353:0218/153403.061667:INFO:CONSOLE(4)] "Permissions policy violation: unload is not allowed in this document.", source: https://lf16-tiktok-web.tiktokcdn-us.com/obj/tiktok-web-tx/tiktok_privacy_protection_framework/loader/2.0.0.236/index.js (4)
[29353:29353:0218/153404.041569:INFO:CONSOLE(849)] "Failed to fetch csrf token: host=webcast.us.tiktok.com status_code=403 message=kms err", source: https://lf16-cdn-tos.tiktokcdn-us.com/obj/static-tx/secsdk/secsdk-lastest.umd.js (849)
[30311:30466:0218/153404.575989:INFO:socket_udp.cc(477)] sendto() has failed twice returning a  transient error net::ERR_ADDRESS_UNREACHABLE. Dropping the packet.
[29353:29353:0218/153404.769010:INFO:CONSOLE(849)] "Failed to fetch csrf token: host=webcast.us.tiktok.com status_code=403 message=kms err", source: https://lf16-cdn-tos.tiktokcdn-us.com/obj/static-tx/secsdk/secsdk-lastest.umd.js (849)
[30311:30466:0218/153404.838455:INFO:socket_udp.cc(477)] sendto() has failed twice returning a  transient error net::ERR_ADDRESS_UNREACHABLE. Dropping the packet.
[30311:30466:0218/153405.088846:INFO:socket_udp.cc(477)] sendto() has failed twice returning a  transient error net::ERR_ADDRESS_UNREACHABLE. Dropping the packet.
[30311:30466:0218/153405.362638:INFO:socket_udp.cc(477)] sendto() has failed twice returning a  transient error net::ERR_ADDRESS_UNREACHABLE. Dropping the packet.
[30311:30466:0218/153406.372090:INFO:socket_udp.cc(477)] sendto() has failed twice returning a  transient error net::ERR_ADDRESS_UNREACHABLE. Dropping the packet.
[30311:30466:0218/153408.396024:INFO:socket_udp.cc(477)] sendto() has failed twice returning a  transient error net::ERR_ADDRESS_UNREACHABLE. Dropping the packet.
[30311:30466:0218/153412.402002:INFO:socket_udp.cc(477)] sendto() has failed twice returning a  transient error net::ERR_ADDRESS_UNREACHABLE. Dropping the packet.
[30311:30466:0218/153413.115383:INFO:socket_udp.cc(477)] sendto() has failed twice returning a  transient error net::ERR_ADDRESS_UNREACHABLE. Dropping the packet.
[30311:30466:0218/153420.423562:INFO:socket_udp.cc(477)] sendto() has failed twice returning a  transient error net::ERR_ADDRESS_UNREACHABLE. Dropping the packet.
[30532:30:0218/153421.118884:ERROR:stun_port.cc(102)] Binding request timed out from [0:0:0:x:x:x:x:x]:45462 (any)
[30311:30466:0218/153428.431677:INFO:socket_udp.cc(477)] sendto() has failed twice returning a  transient error net::ERR_ADDRESS_UNREACHABLE. Dropping the packet.
[30311:30466:0218/153436.447261:INFO:socket_udp.cc(477)] sendto() has failed twice returning a  transient error net::ERR_ADDRESS_UNREACHABLE. Dropping the packet.
[30311:30466:0218/153441.024160:WARNING:spdy_session.cc(2980)] Received HEADERS for invalid stream 3
[30532:30:0218/153444.462600:ERROR:stun_port.cc(102)] Binding request timed out from [0:0:0:x:x:x:x:x]:51408 (any)
[29353:29818:0218/153453.749154:ERROR:registration_request.cc(291)] Registration response error message: DEPRECATED_ENDPOINT
[29353:29353:0218/153456.833407:WARNING:invalidation_listener_impl.cc(263)] ProfileInvalidationProvider-585406161706 Registration token: c5rf4FgZqJQ:APA91bHM6B4YuEghJfYA_HG5r4j-l8xetCReVndky0oz2P2kKVNwd3kLvhda-bOqxyPRNxJNPha817chdUSP0faktw8QV8JyKj2ov_nc7v7rH0Z-zkQau94
[29353:29353:0218/153456.833440:ERROR:fm_registration_token_uploader.cc(186)] Client is missing for kUser scope
[29353:29353:0218/153456.833469:WARNING:invalidation_listener_impl.cc(263)] ProfileInvalidationProvider-245350905893 Registration token: dE-BtpLjNqU:APA91bHBkN9kECEXzZvRFXA3Ywufyrpvnbe3NZ631IFpj0DYTxSpwq3rNC0s0WbCvTr5kH5Juhf5BV8-nSKau-UAzp_bNU6dbo02JHJ4IZuXacRqn2bUKDQ
[29353:29353:0218/153456.833476:ERROR:fm_registration_token_uploader.cc(186)] Client is missing for kUser scope
[29353:29353:0218/153458.237139:INFO:CONSOLE(27324)] "get storage [object Object]", source: https://lf16-tiktok-web.tiktokcdn-us.com/obj/tiktok-web-tx/zti/2.0.0.25/crypto/umd/index.js (27324)
[29353:29353:0218/153458.238588:INFO:CONSOLE(27324)] "getPubKeyBase64 from raw undefined", source: https://lf16-tiktok-web.tiktokcdn-us.com/obj/tiktok-web-tx/zti/2.0.0.25/crypto/umd/index.js (27324)
[29353:29353:0218/153458.300352:INFO:CONSOLE(27324)] "jsrsasignPerformance duration 61 getPubKeyBase64", source: https://lf16-tiktok-web.tiktokcdn-us.com/obj/tiktok-web-tx/zti/2.0.0.25/crypto/umd/index.js (27324)
[29353:29353:0218/153458.300987:INFO:CONSOLE(27324)] "getPubKeyBase64 from method BNdvRNLY309m700T0Rt93sLzTBtJ0xH15HfHJgDxExWfeYWy+BRzyd2GLIvJX6xOPKyO0hutGntCyVobgMl/GmE=", source: https://lf16-tiktok-web.tiktokcdn-us.com/obj/tiktok-web-tx/zti/2.0.0.25/crypto/umd/index.js (27324)
[29353:29353:0218/153500.755350:INFO:CONSOLE(5832)] "request duration [object Object]", source: https://lf16-tiktok-web.tiktokcdn-us.com/obj/tiktok-web-tx/zti/2.0.0.25/request/umd/index.js (5832)
[29353:29818:0218/153523.325015:ERROR:registration_request.cc(291)] Registration response error message: DEPRECATED_ENDPOINT
[29353:29818:0218/153848.047178:ERROR:registration_request.cc(274)] Registration URL fetching failed.
[29353:29818:0218/153848.047379:ERROR:connection_factory_impl.cc(483)] ConnectionHandler failed with net error: -2
[29353:30289:0218/153847.927227:ERROR:zygote_communication_linux.cc(164)] NOTREACHED hit. Did not receive ping from zygote child
[29353:29353:0218/153848.513986:ERROR:zygote_communication_linux.cc(296)] Failed to send GetTerminationStatus message to zygote
[29353:29353:0218/153848.514015:WARNING:zygote_communication_linux.cc(308)] Socket closed prematurely.
[29353:29353:0218/153848.514589:ERROR:zygote_communication_linux.cc(296)] Failed to send GetTerminationStatus message to zygote
[29353:29353:0218/153848.514610:WARNING:zygote_communication_linux.cc(308)] Socket closed prematurely.
[29353:29353:0218/153848.530937:ERROR:zygote_communication_linux.cc(296)] Failed to send GetTerminationStatus message to zygote
[29353:29353:0218/153848.549246:WARNING:zygote_communication_linux.cc(308)] Socket closed prematurely.
[29353:29353:0218/153848.552992:ERROR:zygote_communication_linux.cc(296)] Failed to send GetTerminationStatus message to zygote
[29353:29353:0218/153848.553023:WARNING:zygote_communication_linux.cc(308)] Socket closed prematurely.
[29353:29353:0218/153848.557903:ERROR:zygote_communication_linux.cc(296)] Failed to send GetTerminationStatus message to zygote
[29353:29353:0218/153848.576398:WARNING:zygote_communication_linux.cc(308)] Socket closed prematurely.
[29353:29353:0218/153848.596689:ERROR:service_client.cc(36)] Unexpected on_device_model service disconnect: 
[29353:29353:0218/153848.599796:ERROR:network_service_instance_impl.cc(612)] Network service crashed, restarting service.
[29353:29353:0218/153848.683586:ERROR:gpu_process_host.cc(947)] GPU process launch failed: error_code=1002
[29353:29353:0218/153848.683623:WARNING:gpu_process_host.cc(1384)] The GPU process has crashed 1 time(s)
[29353:29353:0218/153848.705767:ERROR:gpu_process_host.cc(947)] GPU process launch failed: error_code=1002
[29353:29353:0218/153848.705808:WARNING:gpu_process_host.cc(1384)] The GPU process has crashed 2 time(s)
[29353:30296:0218/153848.709175:WARNING:backend_impl.cc(1757)] Destroying invalid entry.
[29353:29353:0218/153848.724824:WARNING:invalidation_listener_impl.cc(110)] ProfileInvalidationProvider-585406161706 Destroying
[29353:29353:0218/153848.740102:WARNING:invalidation_listener_impl.cc(110)] ProfileInvalidationProvider-245350905893 Destroying
[29353:29353:0218/153848.750512:ERROR:wayland_event_watcher.cc(47)] libwayland: warning: queue 0x2ad400004740 destroyed while proxies still attached:

[29353:29353:0218/153848.765112:ERROR:wayland_event_watcher.cc(47)] libwayland:   wl_buffer#45 still attached

[29353:29353:0218/153848.765200:ERROR:wayland_event_watcher.cc(47)] libwayland:   wl_shm_pool#43 still attached

